<?xml version="1.0" encoding="UTF-8"?>
<!-- Generated by org.testng.reporters.JUnitReportReporter -->
<testsuite hostname="Vihaan" failures="0" tests="1" name="testCases.TC001_UpdateProfile" time="5.254" errors="0" timestamp="2024-09-29T06:43:28 IST" skipped="0">
  <testcase classname="testCases.TC001_UpdateProfile" name="verify_profile_update" time="5.254"/>
</testsuite> <!-- testCases.TC001_UpdateProfile -->
