<?xml version="1.0" encoding="UTF-8"?>
<!-- Generated by org.testng.reporters.JUnitReportReporter -->
<testsuite hostname="Vihaan" failures="0" tests="1" name="testCases.TC001_UpdateProfile" time="9.789" errors="0" timestamp="2024-10-05T17:07:08 IST" skipped="0">
  <testcase classname="testCases.TC001_UpdateProfile" name="verify_profile_update" time="9.789"/>
</testsuite> <!-- testCases.TC001_UpdateProfile -->
