<?xml version="1.0" encoding="UTF-8"?>
<!-- Generated by org.testng.reporters.JUnitReportReporter -->
<testsuite hostname="Vihaan" failures="0" tests="1" name="testCases.Samplelogin" time="7.937" errors="0" timestamp="2024-08-30T09:42:49 IST" skipped="0">
  <testcase classname="testCases.Samplelogin" name="myLogin" time="7.937"/>
</testsuite> <!-- testCases.Samplelogin -->
